
> blueprint-sequel@0.0.1 typecheck
> astro check

[2m17:18:57[22m [34m[types][39m Generated [2m31ms[22m
[2m17:18:57[22m [34m[check][39m Getting diagnostics for Astro files in C:\Users\AI Workspace\Projects\Blueprint Lab\blueprint-sequel...
Result (11 files): 
- 0 errors
- 0 warnings
- 0 hints


> blueprint-sequel@0.0.1 lint
> eslint . && prettier --check .

Checking formatting...
All matched files use Prettier code style!

> blueprint-sequel@0.0.1 test
> vitest run


 RUN  v4.1.3 C:/Users/AI Workspace/Projects/Blueprint Lab/blueprint-sequel


 Test Files  1 passed (1)
      Tests  1 passed (1)
   Start at  17:19:01
   Duration  114ms (transform 16ms, setup 0ms, import 23ms, tests 1ms, environment 0ms)


> blueprint-sequel@0.0.1 test:e2e
> playwright test

[2m[WebServer] [22m[sentry-vite-plugin] Warning: No auth token provided. Will not create release. Please set the `authToken` option. You can find information on how to generate a Sentry auth token here: https://docs.sentry.io/api/auth/
[2m[WebServer] [22m[sentry-vite-plugin] Warning: No auth token provided. Will not upload source maps. Please set the `authToken` option. You can find information on how to generate a Sentry auth token here: https://docs.sentry.io/api/auth/
[2m[WebServer] [22m[sentry-vite-plugin] Warning: No auth token provided. Will not create release. Please set the `authToken` option. You can find information on how to generate a Sentry auth token here: https://docs.sentry.io/api/auth/
[2m[WebServer] [22m[sentry-vite-plugin] Warning: No auth token provided. Will not upload source maps. Please set the `authToken` option. You can find information on how to generate a Sentry auth token here: https://docs.sentry.io/api/auth/

Running 1 test using 1 worker

  ok 1 [chromium] › tests\e2e\home.spec.ts:3:1 › home page renders foundation-green placeholder (403ms)

  1 passed (9.0s)

> blueprint-sequel@0.0.1 audit:deps
> npm audit --audit-level=high

# npm audit report

yaml  2.0.0 - 2.8.2
Severity: moderate
yaml is vulnerable to Stack Overflow via deeply nested YAML collections - https://github.com/advisories/GHSA-48c2-rrv3-qjmp
fix available via `npm audit fix --force`
Will install @astrojs/check@0.9.2, which is a breaking change
node_modules/yaml-language-server/node_modules/yaml
  yaml-language-server  >=1.11.1-08d5f7b.0
  Depends on vulnerable versions of yaml
  node_modules/yaml-language-server
    volar-service-yaml  *
    Depends on vulnerable versions of yaml-language-server
    node_modules/volar-service-yaml
      @astrojs/language-server  >=2.14.0
      Depends on vulnerable versions of volar-service-yaml
      node_modules/@astrojs/language-server
        @astrojs/check  >=0.9.3
        Depends on vulnerable versions of @astrojs/language-server
        node_modules/@astrojs/check

5 moderate severity vulnerabilities

To address all issues (including breaking changes), run:
  npm audit fix --force

> blueprint-sequel@0.0.1 check:rls
> bash scripts/check-rls.sh

[check-rls] rep 1 has no Supabase — stub passing.

> blueprint-sequel@0.0.1 check:tenant-id
> bash scripts/check-tenant-id.sh

[check-tenant-id] rep 1 has no Supabase — stub passing.

> blueprint-sequel@0.0.1 check:forbidden
> bash scripts/check-forbidden-terms.sh

[check-forbidden-terms] clean.
---script10---
[post-deploy-smoke] navigation failed: page.goto: net::ERR_NAME_NOT_RESOLVED at https://example.invalid/
Call log:
[2m  - navigating to "https://example.invalid/", waiting until "networkidle"[22m

